Using pre-set license
Built from '2020.3/staging' branch; Version is '2020.3.11f1 (99c7afb366b3) revision 10078127'; Using compiler version '192528614'; Build Type 'Release'
OS: 'Windows 10 Home; OS build 19043.1415; Version 2009; 64bit' Language: 'ja' Physical Memory: 32699 MB
BatchMode: 1, IsHumanControllingUs: 0, StartBugReporterOnCrash: 0, Is64bit: 1, IsPro: 0

 COMMAND LINE ARGUMENTS:
C:\Program Files\Unity\Hub\Editor\2020.3.11f1\Editor\Unity.exe
-adb2
-batchMode
-noUpm
-name
AssetImportWorker0
-projectPath
A:/Game Finished product/GoForwardUnityChan
-logFile
Logs/AssetImportWorker0.log
-srvPort
52877
Successfully changed project path to: A:/Game Finished product/GoForwardUnityChan
A:/Game Finished product/GoForwardUnityChan
Using Asset Import Pipeline V2.
Refreshing native plugins compatible for Editor in 38.45 ms, found 3 plugins.
Preloading 0 native plugins for Editor in 0.00 ms.
Initialize engine version: 2020.3.11f1 (99c7afb366b3)
[Subsystems] Discovering subsystems at path C:/Program Files/Unity/Hub/Editor/2020.3.11f1/Editor/Data/Resources/UnitySubsystems
[Subsystems] Discovering subsystems at path A:/Game Finished product/GoForwardUnityChan/Assets
GfxDevice: creating device client; threaded=0
Direct3D:
    Version:  Direct3D 11.0 [level 11.1]
    Renderer: Radeon RX 5500 XT (ID=0x7340)
    Vendor:   
    VRAM:     8151 MB
    Driver:   27.20.1034.6
Initialize mono
Mono path[0] = 'C:/Program Files/Unity/Hub/Editor/2020.3.11f1/Editor/Data/Managed'
Mono path[1] = 'C:/Program Files/Unity/Hub/Editor/2020.3.11f1/Editor/Data/MonoBleedingEdge/lib/mono/unityjit'
Mono config path = 'C:/Program Files/Unity/Hub/Editor/2020.3.11f1/Editor/Data/MonoBleedingEdge/etc'
Using monoOptions --debugger-agent=transport=dt_socket,embedding=1,server=y,suspend=n,address=127.0.0.1:56660
Begin MonoManager ReloadAssembly
Registering precompiled unity dll's ...
Register platform support module: C:/Program Files/Unity/Hub/Editor/2020.3.11f1/Editor/Data/PlaybackEngines/WindowsStandaloneSupport/UnityEditor.WindowsStandalone.Extensions.dll
Registered in 0.001632 seconds.
Native extension for WindowsStandalone target not found
Refreshing native plugins compatible for Editor in 39.20 ms, found 3 plugins.
Preloading 0 native plugins for Editor in 0.00 ms.
Mono: successfully reloaded assembly
- Completed reload, in  1.567 seconds
Platform modules already initialized, skipping
Registering precompiled user dll's ...
Registered in 0.003599 seconds.
Begin MonoManager ReloadAssembly
Native extension for WindowsStandalone target not found
Refreshing native plugins compatible for Editor in 37.74 ms, found 3 plugins.
Preloading 0 native plugins for Editor in 0.00 ms.
Mono: successfully reloaded assembly
- Completed reload, in  0.944 seconds
Platform modules already initialized, skipping
========================================================================
Worker process is ready to serve import requests
Launched and connected shader compiler UnityShaderCompiler.exe after 0.05 seconds
Refreshing native plugins compatible for Editor in 0.68 ms, found 3 plugins.
Preloading 0 native plugins for Editor in 0.00 ms.
Unloading 2086 Unused Serialized files (Serialized files now loaded: 0)
System memory in use before: 92.9 MB.
System memory in use after: 92.9 MB.

Unloading 33 unused Assets to reduce memory usage. Loaded Objects now: 2519.
Total: 2.264300 ms (FindLiveObjects: 0.275600 ms CreateObjectMapping: 0.051100 ms MarkObjects: 1.785400 ms  DeleteObjects: 0.151000 ms)

========================================================================
Received Import Request.
  path: Assets/Prefabs/CubePrefab.prefab
  artifactKey: Guid(a5609fbb03fbfcb46bb83b38f7a633d5) Importer(815301076,1909f56bfc062723c751e8b465ee728b)
Start importing Assets/Prefabs/CubePrefab.prefab using Guid(a5609fbb03fbfcb46bb83b38f7a633d5) Importer(815301076,1909f56bfc062723c751e8b465ee728b)  -> (artifact id: 'f4ce77356bd04e7c83f7dd4d4be56332') in 0.102762 seconds
  Import took 0.106053 seconds .

========================================================================
Received Prepare
Registering precompiled user dll's ...
Registered in 0.003443 seconds.
Begin MonoManager ReloadAssembly
Native extension for WindowsStandalone target not found
Refreshing native plugins compatible for Editor in 0.56 ms, found 3 plugins.
Preloading 0 native plugins for Editor in 0.00 ms.
Mono: successfully reloaded assembly
- Completed reload, in  0.856 seconds
Platform modules already initialized, skipping
Switching build target platform(19) subTarget(0) extendedPlatform(0) -> platform(9) subTarget(16777218) extendedPlatform(0)
Refreshing native plugins compatible for Editor in 0.53 ms, found 3 plugins.
Preloading 0 native plugins for Editor in 0.00 ms.
Unloading 2084 Unused Serialized files (Serialized files now loaded: 0)
System memory in use before: 95.9 MB.
System memory in use after: 95.9 MB.

Unloading 21 unused Assets to reduce memory usage. Loaded Objects now: 2530.
Total: 2.115900 ms (FindLiveObjects: 0.217200 ms CreateObjectMapping: 0.049200 ms MarkObjects: 1.739000 ms  DeleteObjects: 0.109600 ms)

AssetImportParameters requested are different than current active one (requested -> active):
  custom:graphics/normal-map-encoding: 01000000000000000000000000000000 -> 02000000000000000000000000000000
========================================================================
Received Prepare
Registering precompiled user dll's ...
Registered in 0.003405 seconds.
Begin MonoManager ReloadAssembly
Native extension for WindowsStandalone target not found
Refreshing native plugins compatible for Editor in 0.53 ms, found 3 plugins.
Preloading 0 native plugins for Editor in 0.00 ms.
Mono: successfully reloaded assembly
- Completed reload, in  0.873 seconds
Platform modules already initialized, skipping
Switching build target platform(19) subTarget(0) extendedPlatform(0) -> platform(9) subTarget(16777218) extendedPlatform(0)
Refreshing native plugins compatible for Editor in 0.53 ms, found 3 plugins.
Preloading 0 native plugins for Editor in 0.00 ms.
Unloading 2084 Unused Serialized files (Serialized files now loaded: 0)
System memory in use before: 95.9 MB.
System memory in use after: 95.9 MB.

Unloading 21 unused Assets to reduce memory usage. Loaded Objects now: 2534.
Total: 2.156700 ms (FindLiveObjects: 0.222700 ms CreateObjectMapping: 0.048400 ms MarkObjects: 1.767900 ms  DeleteObjects: 0.116600 ms)

AssetImportParameters requested are different than current active one (requested -> active):
  custom:graphics/normal-map-encoding: 01000000000000000000000000000000 -> 02000000000000000000000000000000
========================================================================
Received Import Request.
  Time since last request: 147.230139 seconds.
  path: Assets/Scripts/CubeController.cs
  artifactKey: Guid(b23778d21b9af3f4981a9407a6f43198) Importer(815301076,1909f56bfc062723c751e8b465ee728b)
Start importing Assets/Scripts/CubeController.cs using Guid(b23778d21b9af3f4981a9407a6f43198) Importer(815301076,1909f56bfc062723c751e8b465ee728b)  -> (artifact id: '3a2095fc0dba257de71180c86e886b80') in 0.006926 seconds
  Import took 0.010397 seconds .

========================================================================
Received Import Request.
  Time since last request: 108.927652 seconds.
  path: Assets/Scripts/CubeController.cs
  artifactKey: Guid(b23778d21b9af3f4981a9407a6f43198) Importer(815301076,1909f56bfc062723c751e8b465ee728b)
Start importing Assets/Scripts/CubeController.cs using Guid(b23778d21b9af3f4981a9407a6f43198) Importer(815301076,1909f56bfc062723c751e8b465ee728b)  -> (artifact id: 'c3dc278606055133ae0f5007b5b217f4') in 0.002024 seconds
  Import took 0.005241 seconds .

========================================================================
Received Import Request.
  Time since last request: 23.355146 seconds.
  path: Assets/Prefabs/CubePrefab.prefab
  artifactKey: Guid(a5609fbb03fbfcb46bb83b38f7a633d5) Importer(815301076,1909f56bfc062723c751e8b465ee728b)
Start importing Assets/Prefabs/CubePrefab.prefab using Guid(a5609fbb03fbfcb46bb83b38f7a633d5) Importer(815301076,1909f56bfc062723c751e8b465ee728b)  -> (artifact id: 'c932dfaed9c168af4a3268c4fcd20b42') in 0.042217 seconds
  Import took 0.045746 seconds .

========================================================================
Received Import Request.
  Time since last request: 2.390262 seconds.
  path: Assets/Prefabs/CubePrefab.prefab
  artifactKey: Guid(a5609fbb03fbfcb46bb83b38f7a633d5) Importer(815301076,1909f56bfc062723c751e8b465ee728b)
Start importing Assets/Prefabs/CubePrefab.prefab using Guid(a5609fbb03fbfcb46bb83b38f7a633d5) Importer(815301076,1909f56bfc062723c751e8b465ee728b)  -> (artifact id: 'a8718071156a118641dc6cd81539dc32') in 0.009497 seconds
  Import took 0.013328 seconds .

========================================================================
Received Import Request.
  Time since last request: 0.000299 seconds.
  path: Assets/Prefabs/CubePrefab.prefab
  artifactKey: Guid(a5609fbb03fbfcb46bb83b38f7a633d5) Importer(815301076,1909f56bfc062723c751e8b465ee728b)
Start importing Assets/Prefabs/CubePrefab.prefab using Guid(a5609fbb03fbfcb46bb83b38f7a633d5) Importer(815301076,1909f56bfc062723c751e8b465ee728b)  -> (artifact id: 'a8718071156a118641dc6cd81539dc32') in 0.009962 seconds
  Import took 0.013154 seconds .

========================================================================
Received Prepare
Registering precompiled user dll's ...
Registered in 0.003243 seconds.
Begin MonoManager ReloadAssembly
Native extension for WindowsStandalone target not found
Refreshing native plugins compatible for Editor in 0.53 ms, found 3 plugins.
Preloading 0 native plugins for Editor in 0.00 ms.
Mono: successfully reloaded assembly
- Completed reload, in  0.831 seconds
Platform modules already initialized, skipping
Switching build target platform(19) subTarget(0) extendedPlatform(0) -> platform(9) subTarget(16777218) extendedPlatform(0)
Refreshing native plugins compatible for Editor in 0.53 ms, found 3 plugins.
Preloading 0 native plugins for Editor in 0.00 ms.
Unloading 2084 Unused Serialized files (Serialized files now loaded: 0)
System memory in use before: 96.0 MB.
System memory in use after: 96.0 MB.

Unloading 21 unused Assets to reduce memory usage. Loaded Objects now: 2539.
Total: 2.130700 ms (FindLiveObjects: 0.212000 ms CreateObjectMapping: 0.049000 ms MarkObjects: 1.756700 ms  DeleteObjects: 0.111900 ms)

AssetImportParameters requested are different than current active one (requested -> active):
  custom:graphics/normal-map-encoding: 01000000000000000000000000000000 -> 02000000000000000000000000000000
